<?xml version="1.0" encoding="UTF-8"?>
<!-- Generated by org.testng.reporters.JUnitXMLReporter -->
<testsuite hostname="punee3147925-01" ignored="0" name="TestCases_Sup_LoginPage" tests="2" failures="0" timestamp="28 Sep 2019 04:06:44 GMT" time="32.01" errors="0">
  <testcase name="TC01_verifyRetailersLogin_ValidUser" time="23.2" classname="com.nagarro.Autothon.TestCases.TestCases_Ret_LoginPage"/>
  <testcase name="TC03_verifyRetailersLogin_InValidUser" time="2.801" classname="com.nagarro.Autothon.TestCases.TestCases_Ret_LoginPage"/>
</testsuite> <!-- TestCases_Sup_LoginPage -->
