<?xml version="1.0" encoding="UTF-8"?>
<testng-results skipped="0" failed="0" ignored="0" total="2" passed="2">
  <reporter-output>
  </reporter-output>
  <suite name="Autothon" duration-ms="32010" started-at="2019-09-28T04:06:12Z" finished-at="2019-09-28T04:06:44Z">
    <groups>
    </groups>
    <test name="TestCases_Sup_LoginPage" duration-ms="32010" started-at="2019-09-28T04:06:12Z" finished-at="2019-09-28T04:06:44Z">
      <class name="com.nagarro.Autothon.TestCases.TestCases_Ret_LoginPage">
        <test-method status="PASS" signature="init()[pri:0, instance:com.nagarro.Autothon.TestCases.TestCases_Ret_LoginPage@25af5db5]" name="init" is-config="true" duration-ms="3859" started-at="2019-09-28T09:36:12Z" finished-at="2019-09-28T09:36:16Z">
          <reporter-output>
          </reporter-output>
        </test-method> <!-- init -->
        <test-method status="PASS" signature="beforeMethod(java.lang.reflect.Method)[pri:0, instance:com.nagarro.Autothon.TestCases.TestCases_Ret_LoginPage@25af5db5]" name="beforeMethod" is-config="true" duration-ms="30" started-at="2019-09-28T09:36:16Z" finished-at="2019-09-28T09:36:16Z">
          <params>
            <param index="0">
              <value>
                <![CDATA[public void com.nagarro.Autothon.TestCases.TestCases_Ret_LoginPage.TC01_verifyRetailersLogin_ValidUser()]]>
              </value>
            </param>
          </params>
          <reporter-output>
          </reporter-output>
        </test-method> <!-- beforeMethod -->
        <test-method status="PASS" signature="TC01_verifyRetailersLogin_ValidUser()[pri:0, instance:com.nagarro.Autothon.TestCases.TestCases_Ret_LoginPage@25af5db5]" name="TC01_verifyRetailersLogin_ValidUser" duration-ms="23200" started-at="2019-09-28T09:36:16Z" finished-at="2019-09-28T09:36:39Z">
          <reporter-output>
          </reporter-output>
        </test-method> <!-- TC01_verifyRetailersLogin_ValidUser -->
        <test-method status="PASS" signature="afterMethod(org.testng.ITestResult)[pri:0, instance:com.nagarro.Autothon.TestCases.TestCases_Ret_LoginPage@25af5db5]" name="afterMethod" is-config="true" duration-ms="7" started-at="2019-09-28T09:36:40Z" finished-at="2019-09-28T09:36:40Z">
          <params>
            <param index="0">
              <value>
                <![CDATA[[TestResult name=TC01_verifyRetailersLogin_ValidUser status=SUCCESS method=TestCases_Ret_LoginPage.TC01_verifyRetailersLogin_ValidUser()[pri:0, instance:com.nagarro.Autothon.TestCases.TestCases_Ret_LoginPage@25af5db5] output={null}]]]>
              </value>
            </param>
          </params>
          <reporter-output>
          </reporter-output>
        </test-method> <!-- afterMethod -->
        <test-method status="PASS" signature="beforeMethod(java.lang.reflect.Method)[pri:0, instance:com.nagarro.Autothon.TestCases.TestCases_Ret_LoginPage@25af5db5]" name="beforeMethod" is-config="true" duration-ms="91" started-at="2019-09-28T09:36:40Z" finished-at="2019-09-28T09:36:40Z">
          <params>
            <param index="0">
              <value>
                <![CDATA[public void com.nagarro.Autothon.TestCases.TestCases_Ret_LoginPage.TC03_verifyRetailersLogin_InValidUser()]]>
              </value>
            </param>
          </params>
          <reporter-output>
          </reporter-output>
        </test-method> <!-- beforeMethod -->
        <test-method status="PASS" signature="TC03_verifyRetailersLogin_InValidUser()[pri:0, instance:com.nagarro.Autothon.TestCases.TestCases_Ret_LoginPage@25af5db5]" name="TC03_verifyRetailersLogin_InValidUser" duration-ms="2801" started-at="2019-09-28T09:36:40Z" finished-at="2019-09-28T09:36:43Z">
          <reporter-output>
          </reporter-output>
        </test-method> <!-- TC03_verifyRetailersLogin_InValidUser -->
        <test-method status="PASS" signature="afterMethod(org.testng.ITestResult)[pri:0, instance:com.nagarro.Autothon.TestCases.TestCases_Ret_LoginPage@25af5db5]" name="afterMethod" is-config="true" duration-ms="6" started-at="2019-09-28T09:36:43Z" finished-at="2019-09-28T09:36:43Z">
          <params>
            <param index="0">
              <value>
                <![CDATA[[TestResult name=TC03_verifyRetailersLogin_InValidUser status=SUCCESS method=TestCases_Ret_LoginPage.TC03_verifyRetailersLogin_InValidUser()[pri:0, instance:com.nagarro.Autothon.TestCases.TestCases_Ret_LoginPage@25af5db5] output={null}]]]>
              </value>
            </param>
          </params>
          <reporter-output>
          </reporter-output>
        </test-method> <!-- afterMethod -->
        <test-method status="PASS" signature="afterTest()[pri:0, instance:com.nagarro.Autothon.TestCases.TestCases_Ret_LoginPage@25af5db5]" name="afterTest" is-config="true" duration-ms="978" started-at="2019-09-28T09:36:43Z" finished-at="2019-09-28T09:36:44Z">
          <reporter-output>
          </reporter-output>
        </test-method> <!-- afterTest -->
        <test-method status="PASS" signature="cleanup()[pri:0, instance:com.nagarro.Autothon.TestCases.TestCases_Ret_LoginPage@25af5db5]" name="cleanup" is-config="true" duration-ms="8" started-at="2019-09-28T09:36:44Z" finished-at="2019-09-28T09:36:44Z">
          <reporter-output>
          </reporter-output>
        </test-method> <!-- cleanup -->
      </class> <!-- com.nagarro.Autothon.TestCases.TestCases_Ret_LoginPage -->
    </test> <!-- TestCases_Sup_LoginPage -->
  </suite> <!-- Autothon -->
</testng-results>
