2019-09-27 15:57:54,124 +0530 [main] INFO  (BaseTestClass.java:75) - Launching Chrome
2019-09-27 15:57:57,932 +0530 [main] INFO  (BaseTestClass.java:75) - ***********************TC01_verifyRetailersLogin_ValidUser has started executing**************************
2019-09-27 15:57:57,942 +0530 [main] INFO  (BaseTestClass.java:75) - 
2019-09-27 15:57:57,944 +0530 [main] INFO  (BaseTestClass.java:75) - ***********************TC01_verifyRetailersLogin_ValidUser has FAILED. **************************
2019-09-27 16:06:43,281 +0530 [main] INFO  (BaseTestClass.java:75) - Launching Chrome
2019-09-27 16:06:47,045 +0530 [main] INFO  (BaseTestClass.java:75) - ***********************TC01_verifyRetailersLogin_ValidUser has started executing**************************
2019-09-27 16:06:47,681 +0530 [main] INFO  (BaseTestClass.java:75) - Login to Retailers
2019-09-27 16:07:04,862 +0530 [main] INFO  (BaseTestClass.java:75) - 
2019-09-27 16:07:04,866 +0530 [main] INFO  (BaseTestClass.java:75) - ***********************TC01_verifyRetailersLogin_ValidUser has PASSED. **************************
2019-09-27 16:13:51,829 +0530 [main] INFO  (BaseTestClass.java:75) - Launching Chrome
2019-09-27 16:13:55,562 +0530 [main] INFO  (BaseTestClass.java:75) - ***********************TC01_verifyRetailersLogin_ValidUser has started executing**************************
2019-09-27 16:13:56,234 +0530 [main] INFO  (BaseTestClass.java:75) - Login to Retailers
2019-09-27 16:16:35,628 +0530 [main] INFO  (BaseTestClass.java:75) - Testcase============== TC01_verifyRetailersLogin_ValidUser ============has Passed Successfully
2019-09-27 16:16:36,106 +0530 [main] INFO  (BaseTestClass.java:75) - 
2019-09-27 16:16:36,113 +0530 [main] INFO  (BaseTestClass.java:75) - ***********************TC01_verifyRetailersLogin_ValidUser has PASSED. **************************
2019-09-27 16:16:36,218 +0530 [main] INFO  (BaseTestClass.java:75) - ***********************TC03_verifyRetailersLogin_InValidUser has started executing**************************
2019-09-27 16:16:36,362 +0530 [main] INFO  (BaseTestClass.java:75) - Login to Retailers
2019-09-27 16:17:04,103 +0530 [main] INFO  (BaseTestClass.java:75) - Testcase============== TC03_verifyRetailersLogin_InValidUser ============== has failed
2019-09-27 16:17:04,206 +0530 [main] INFO  (BaseTestClass.java:75) - 
2019-09-27 16:17:04,207 +0530 [main] INFO  (BaseTestClass.java:75) - ***********************TC03_verifyRetailersLogin_InValidUser has FAILED. **************************
2019-09-27 17:16:22,747 +0530 [main] INFO  (BaseTestClass.java:75) - Launching Chrome
2019-09-27 17:16:26,990 +0530 [main] INFO  (BaseTestClass.java:75) - ***********************TC01_verifyRetailersLogin_ValidUser has started executing**************************
2019-09-27 17:16:27,875 +0530 [main] INFO  (BaseTestClass.java:75) - Login to Retailers
2019-09-27 17:16:44,356 +0530 [main] INFO  (BaseTestClass.java:75) - Testcase============== TC01_verifyRetailersLogin_ValidUser ============has Passed Successfully
2019-09-27 17:16:44,838 +0530 [main] INFO  (BaseTestClass.java:75) - 
2019-09-27 17:16:44,848 +0530 [main] INFO  (BaseTestClass.java:75) - ***********************TC01_verifyRetailersLogin_ValidUser has PASSED. **************************
2019-09-27 17:16:44,942 +0530 [main] INFO  (BaseTestClass.java:75) - ***********************TC03_verifyRetailersLogin_InValidUser has started executing**************************
2019-09-27 17:16:45,102 +0530 [main] INFO  (BaseTestClass.java:75) - Login to Retailers
2019-09-27 17:16:48,984 +0530 [main] INFO  (BaseTestClass.java:75) - Testcase============== TC03_verifyRetailersLogin_InValidUser ============has Passed Successfully
2019-09-27 17:16:49,073 +0530 [main] INFO  (BaseTestClass.java:75) - 
2019-09-27 17:16:49,074 +0530 [main] INFO  (BaseTestClass.java:75) - ***********************TC03_verifyRetailersLogin_InValidUser has PASSED. **************************
2019-09-27 17:20:24,267 +0530 [main] INFO  (BaseTestClass.java:75) - Launching Chrome
2019-09-27 17:20:28,498 +0530 [main] INFO  (BaseTestClass.java:75) - ***********************TC01_verifyRetailersLogin_ValidUser has started executing**************************
2019-09-27 17:20:29,355 +0530 [main] INFO  (BaseTestClass.java:75) - Login to Retailers
2019-09-27 17:20:49,917 +0530 [main] INFO  (BaseTestClass.java:75) - Testcase============== TC01_verifyRetailersLogin_ValidUser ============has Passed Successfully
2019-09-27 17:20:50,405 +0530 [main] INFO  (BaseTestClass.java:75) - 
2019-09-27 17:20:50,414 +0530 [main] INFO  (BaseTestClass.java:75) - ***********************TC01_verifyRetailersLogin_ValidUser has PASSED. **************************
2019-09-27 17:20:50,514 +0530 [main] INFO  (BaseTestClass.java:75) - ***********************TC03_verifyRetailersLogin_InValidUser has started executing**************************
2019-09-27 17:20:50,676 +0530 [main] INFO  (BaseTestClass.java:75) - Login to Retailers
2019-09-27 17:20:54,933 +0530 [main] INFO  (BaseTestClass.java:75) - Testcase============== TC03_verifyRetailersLogin_InValidUser ============has Passed Successfully
2019-09-27 17:20:55,024 +0530 [main] INFO  (BaseTestClass.java:75) - 
2019-09-27 17:20:55,028 +0530 [main] INFO  (BaseTestClass.java:75) - ***********************TC03_verifyRetailersLogin_InValidUser has PASSED. **************************
2019-09-27 17:25:38,001 +0530 [main] INFO  (BaseTestClass.java:75) - Launching Chrome
2019-09-27 17:25:42,002 +0530 [main] INFO  (BaseTestClass.java:75) - ***********************TC01_verifyRetailersLogin_ValidUser has started executing**************************
2019-09-27 17:25:43,474 +0530 [main] INFO  (BaseTestClass.java:75) - Login to Retailers
2019-09-27 17:26:00,263 +0530 [main] INFO  (BaseTestClass.java:75) - Testcase============== TC01_verifyRetailersLogin_ValidUser ============has Passed Successfully
2019-09-27 17:26:00,746 +0530 [main] INFO  (BaseTestClass.java:75) - 
2019-09-27 17:26:00,756 +0530 [main] INFO  (BaseTestClass.java:75) - ***********************TC01_verifyRetailersLogin_ValidUser has PASSED. **************************
2019-09-27 17:26:00,840 +0530 [main] INFO  (BaseTestClass.java:75) - ***********************TC03_verifyRetailersLogin_InValidUser has started executing**************************
2019-09-27 17:26:00,997 +0530 [main] INFO  (BaseTestClass.java:75) - Login to Retailers
2019-09-27 17:26:04,615 +0530 [main] INFO  (BaseTestClass.java:75) - Testcase============== TC03_verifyRetailersLogin_InValidUser ============has Passed Successfully
2019-09-27 17:26:04,700 +0530 [main] INFO  (BaseTestClass.java:75) - 
2019-09-27 17:26:04,705 +0530 [main] INFO  (BaseTestClass.java:75) - ***********************TC03_verifyRetailersLogin_InValidUser has PASSED. **************************
2019-09-27 17:32:21,959 +0530 [main] INFO  (BaseTestClass.java:75) - Launching Chrome
2019-09-27 17:32:26,026 +0530 [main] INFO  (BaseTestClass.java:75) - ***********************TC01_verifyRetailersLogin_ValidUser has started executing**************************
2019-09-27 17:32:27,515 +0530 [main] INFO  (BaseTestClass.java:75) - Login to Retailers
2019-09-27 17:32:46,420 +0530 [main] INFO  (BaseTestClass.java:75) - Testcase============== TC01_verifyRetailersLogin_ValidUser ============has Passed Successfully
2019-09-27 17:32:46,881 +0530 [main] INFO  (BaseTestClass.java:75) - 
2019-09-27 17:32:46,889 +0530 [main] INFO  (BaseTestClass.java:75) - ***********************TC01_verifyRetailersLogin_ValidUser has PASSED. **************************
2019-09-27 17:32:46,984 +0530 [main] INFO  (BaseTestClass.java:75) - ***********************TC03_verifyRetailersLogin_InValidUser has started executing**************************
2019-09-27 17:32:47,106 +0530 [main] INFO  (BaseTestClass.java:75) - Login to Retailers
2019-09-27 17:32:51,414 +0530 [main] INFO  (BaseTestClass.java:75) - Testcase============== TC03_verifyRetailersLogin_InValidUser ============has Passed Successfully
2019-09-27 17:32:51,508 +0530 [main] INFO  (BaseTestClass.java:75) - 
2019-09-27 17:32:51,514 +0530 [main] INFO  (BaseTestClass.java:75) - ***********************TC03_verifyRetailersLogin_InValidUser has PASSED. **************************
2019-09-27 17:33:53,429 +0530 [main] INFO  (BaseTestClass.java:75) - Launching Chrome
2019-09-27 17:33:57,482 +0530 [main] INFO  (BaseTestClass.java:75) - ***********************TC01_verifyRetailersLogin_ValidUser has started executing**************************
2019-09-27 17:33:58,983 +0530 [main] INFO  (BaseTestClass.java:75) - Login to Retailers
2019-09-27 17:34:15,071 +0530 [main] INFO  (BaseTestClass.java:75) - Testcase============== TC01_verifyRetailersLogin_ValidUser ============has Passed Successfully
2019-09-27 17:34:15,475 +0530 [main] INFO  (BaseTestClass.java:75) - 
2019-09-27 17:34:15,483 +0530 [main] INFO  (BaseTestClass.java:75) - ***********************TC01_verifyRetailersLogin_ValidUser has PASSED. **************************
2019-09-27 17:34:15,573 +0530 [main] INFO  (BaseTestClass.java:75) - ***********************TC03_verifyRetailersLogin_InValidUser has started executing**************************
2019-09-27 17:34:15,710 +0530 [main] INFO  (BaseTestClass.java:75) - Login to Retailers
2019-09-27 17:34:19,983 +0530 [main] INFO  (BaseTestClass.java:75) - Testcase============== TC03_verifyRetailersLogin_InValidUser ============has Passed Successfully
2019-09-27 17:34:20,062 +0530 [main] INFO  (BaseTestClass.java:75) - 
2019-09-27 17:34:20,069 +0530 [main] INFO  (BaseTestClass.java:75) - ***********************TC03_verifyRetailersLogin_InValidUser has PASSED. **************************
2019-09-27 17:37:04,584 +0530 [main] INFO  (BaseTestClass.java:75) - Launching Chrome
2019-09-27 17:37:08,726 +0530 [main] INFO  (BaseTestClass.java:75) - ***********************TC01_verifyRetailersLogin_ValidUser has started executing**************************
2019-09-27 17:37:09,461 +0530 [main] INFO  (BaseTestClass.java:75) - Login to Retailers
2019-09-27 17:37:27,452 +0530 [main] INFO  (BaseTestClass.java:75) - Testcase============== TC01_verifyRetailersLogin_ValidUser ============has Passed Successfully
2019-09-27 17:37:27,760 +0530 [main] INFO  (BaseTestClass.java:75) - 
2019-09-27 17:37:27,766 +0530 [main] INFO  (BaseTestClass.java:75) - ***********************TC01_verifyRetailersLogin_ValidUser has PASSED. **************************
2019-09-27 17:37:27,849 +0530 [main] INFO  (BaseTestClass.java:75) - ***********************TC03_verifyRetailersLogin_InValidUser has started executing**************************
2019-09-27 17:37:27,959 +0530 [main] INFO  (BaseTestClass.java:75) - Login to Retailers
2019-09-27 17:37:32,093 +0530 [main] INFO  (BaseTestClass.java:75) - Testcase============== TC03_verifyRetailersLogin_InValidUser ============has Passed Successfully
2019-09-27 17:37:32,165 +0530 [main] INFO  (BaseTestClass.java:75) - 
2019-09-27 17:37:32,170 +0530 [main] INFO  (BaseTestClass.java:75) - ***********************TC03_verifyRetailersLogin_InValidUser has PASSED. **************************
2019-09-27 17:40:02,326 +0530 [main] INFO  (BaseTestClass.java:75) - Launching Chrome
2019-09-27 17:40:07,114 +0530 [main] INFO  (BaseTestClass.java:75) - ***********************TC01_verifyRetailersLogin_ValidUser has started executing**************************
2019-09-27 17:40:08,080 +0530 [main] INFO  (BaseTestClass.java:75) - Login to Retailers
2019-09-27 17:40:25,274 +0530 [main] INFO  (BaseTestClass.java:75) - Testcase============== TC01_verifyRetailersLogin_ValidUser ============has Passed Successfully
2019-09-27 17:40:25,739 +0530 [main] INFO  (BaseTestClass.java:75) - 
2019-09-27 17:40:25,749 +0530 [main] INFO  (BaseTestClass.java:75) - ***********************TC01_verifyRetailersLogin_ValidUser has PASSED. **************************
2019-09-27 17:40:25,843 +0530 [main] INFO  (BaseTestClass.java:75) - ***********************TC03_verifyRetailersLogin_InValidUser has started executing**************************
2019-09-27 17:40:25,999 +0530 [main] INFO  (BaseTestClass.java:75) - Login to Retailers
2019-09-27 17:40:29,867 +0530 [main] INFO  (BaseTestClass.java:75) - Testcase============== TC03_verifyRetailersLogin_InValidUser ============has Passed Successfully
2019-09-27 17:40:29,957 +0530 [main] INFO  (BaseTestClass.java:75) - 
2019-09-27 17:40:29,963 +0530 [main] INFO  (BaseTestClass.java:75) - ***********************TC03_verifyRetailersLogin_InValidUser has PASSED. **************************
2019-09-28 09:33:49,379 +0530 [main] INFO  (BaseTestClass.java:75) - Launching Chrome
2019-09-28 09:33:53,802 +0530 [main] INFO  (BaseTestClass.java:75) - ***********************TC01_verifyRetailersLogin_ValidUser has started executing**************************
2019-09-28 09:33:55,009 +0530 [main] INFO  (BaseTestClass.java:75) - Login to Retailers
2019-09-28 09:34:17,546 +0530 [main] INFO  (BaseTestClass.java:75) - Testcase============== TC01_verifyRetailersLogin_ValidUser ============has Passed Successfully
2019-09-28 09:34:18,050 +0530 [main] INFO  (BaseTestClass.java:75) - 
2019-09-28 09:34:18,056 +0530 [main] INFO  (BaseTestClass.java:75) - ***********************TC01_verifyRetailersLogin_ValidUser has PASSED. **************************
2019-09-28 09:34:18,126 +0530 [main] INFO  (BaseTestClass.java:75) - ***********************TC03_verifyRetailersLogin_InValidUser has started executing**************************
2019-09-28 09:34:18,156 +0530 [main] INFO  (BaseTestClass.java:75) - Login to Retailers
2019-09-28 09:34:22,237 +0530 [main] INFO  (BaseTestClass.java:75) - Testcase============== TC03_verifyRetailersLogin_InValidUser ============has Passed Successfully
2019-09-28 09:34:22,326 +0530 [main] INFO  (BaseTestClass.java:75) - 
2019-09-28 09:34:22,330 +0530 [main] INFO  (BaseTestClass.java:75) - ***********************TC03_verifyRetailersLogin_InValidUser has PASSED. **************************
2019-09-28 09:36:12,563 +0530 [main] INFO  (BaseTestClass.java:75) - Launching Chrome
2019-09-28 09:36:16,428 +0530 [main] INFO  (BaseTestClass.java:75) - ***********************TC01_verifyRetailersLogin_ValidUser has started executing**************************
2019-09-28 09:36:17,482 +0530 [main] INFO  (BaseTestClass.java:75) - Login to Retailers
2019-09-28 09:36:39,928 +0530 [main] INFO  (BaseTestClass.java:75) - Testcase============== TC01_verifyRetailersLogin_ValidUser ============has Passed Successfully
2019-09-28 09:36:40,407 +0530 [main] INFO  (BaseTestClass.java:75) - 
2019-09-28 09:36:40,411 +0530 [main] INFO  (BaseTestClass.java:75) - ***********************TC01_verifyRetailersLogin_ValidUser has PASSED. **************************
2019-09-28 09:36:40,504 +0530 [main] INFO  (BaseTestClass.java:75) - ***********************TC03_verifyRetailersLogin_InValidUser has started executing**************************
2019-09-28 09:36:40,544 +0530 [main] INFO  (BaseTestClass.java:75) - Login to Retailers
2019-09-28 09:36:43,451 +0530 [main] INFO  (BaseTestClass.java:75) - Testcase============== TC03_verifyRetailersLogin_InValidUser ============has Passed Successfully
2019-09-28 09:36:43,538 +0530 [main] INFO  (BaseTestClass.java:75) - 
2019-09-28 09:36:43,541 +0530 [main] INFO  (BaseTestClass.java:75) - ***********************TC03_verifyRetailersLogin_InValidUser has PASSED. **************************
2019-09-28 09:39:17,686 +0530 [main] INFO  (BaseTestClass.java:75) - Launching Chrome
2019-09-28 09:39:21,766 +0530 [main] INFO  (BaseTestClass.java:75) - ***********************TC01_verifyRetailersLogin_ValidUser has started executing**************************
2019-09-28 09:39:22,839 +0530 [main] INFO  (BaseTestClass.java:75) - Login to Retailers
2019-09-28 09:39:46,119 +0530 [main] INFO  (BaseTestClass.java:75) - Testcase============== TC01_verifyRetailersLogin_ValidUser ============== has failed
2019-09-28 09:39:46,448 +0530 [main] INFO  (BaseTestClass.java:75) - 
2019-09-28 09:39:46,450 +0530 [main] INFO  (BaseTestClass.java:75) - ***********************TC01_verifyRetailersLogin_ValidUser has FAILED. **************************
2019-09-28 09:39:46,521 +0530 [main] INFO  (BaseTestClass.java:75) - ***********************TC03_verifyRetailersLogin_InValidUser has started executing**************************
2019-09-28 09:39:46,563 +0530 [main] INFO  (BaseTestClass.java:75) - Login to Retailers
2019-09-28 09:39:50,680 +0530 [main] INFO  (BaseTestClass.java:75) - Testcase============== TC03_verifyRetailersLogin_InValidUser ============has Passed Successfully
2019-09-28 09:39:50,743 +0530 [main] INFO  (BaseTestClass.java:75) - 
2019-09-28 09:39:50,746 +0530 [main] INFO  (BaseTestClass.java:75) - ***********************TC03_verifyRetailersLogin_InValidUser has PASSED. **************************
2019-09-28 09:47:04,787 +0530 [main] INFO  (BaseTestClass.java:75) - Launching Chrome
2019-09-28 09:47:08,937 +0530 [main] INFO  (BaseTestClass.java:75) - ***********************TC01_verifyRetailersLogin_ValidUser has started executing**************************
2019-09-28 09:47:10,164 +0530 [main] INFO  (BaseTestClass.java:75) - Login to Retailers
2019-09-28 09:47:29,728 +0530 [main] INFO  (BaseTestClass.java:75) - Testcase============== TC01_verifyRetailersLogin_ValidUser ============== has failed
2019-09-28 09:47:30,254 +0530 [main] INFO  (BaseTestClass.java:75) - 
2019-09-28 09:47:30,263 +0530 [main] INFO  (BaseTestClass.java:75) - ***********************TC01_verifyRetailersLogin_ValidUser has FAILED. **************************
2019-09-28 09:47:30,346 +0530 [main] INFO  (BaseTestClass.java:75) - ***********************TC02_verifygoogleLogin has started executing**************************
2019-09-28 09:47:30,401 +0530 [main] INFO  (BaseTestClass.java:75) - 
2019-09-28 09:47:30,404 +0530 [main] INFO  (BaseTestClass.java:75) - ***********************TC02_verifygoogleLogin has SKIPPED. **************************
2019-09-28 09:47:30,423 +0530 [main] INFO  (BaseTestClass.java:75) - ***********************TC03_verifyRetailersLogin_InValidUser has started executing**************************
2019-09-28 09:47:30,474 +0530 [main] INFO  (BaseTestClass.java:75) - Login to Retailers
2019-09-28 09:47:34,846 +0530 [main] INFO  (BaseTestClass.java:75) - Testcase============== TC03_verifyRetailersLogin_InValidUser ============has Passed Successfully
2019-09-28 09:47:34,953 +0530 [main] INFO  (BaseTestClass.java:75) - 
2019-09-28 09:47:34,958 +0530 [main] INFO  (BaseTestClass.java:75) - ***********************TC03_verifyRetailersLogin_InValidUser has PASSED. **************************
2019-09-28 09:49:36,239 +0530 [main] INFO  (BaseTestClass.java:75) - Launching Chrome
2019-09-28 09:49:40,395 +0530 [main] INFO  (BaseTestClass.java:75) - ***********************TC01_verifyRetailersLogin_ValidUser has started executing**************************
2019-09-28 09:49:41,594 +0530 [main] INFO  (BaseTestClass.java:75) - Login to Retailers
2019-09-28 09:49:58,013 +0530 [main] INFO  (BaseTestClass.java:75) - Testcase============== TC01_verifyRetailersLogin_ValidUser ============== has failed
2019-09-28 09:49:58,537 +0530 [main] INFO  (BaseTestClass.java:75) - 
2019-09-28 09:49:58,541 +0530 [main] INFO  (BaseTestClass.java:75) - ***********************TC01_verifyRetailersLogin_ValidUser has FAILED. **************************
2019-09-28 09:49:58,635 +0530 [main] INFO  (BaseTestClass.java:75) - ***********************TC02_verifygoogleLogin has started executing**************************
2019-09-28 09:49:58,691 +0530 [main] INFO  (BaseTestClass.java:75) - Login to Retailers
2019-09-28 09:50:02,198 +0530 [main] INFO  (BaseTestClass.java:75) - Testcase============== TC02_verifygoogleLogin ============has Passed Successfully
2019-09-28 09:50:02,305 +0530 [main] INFO  (BaseTestClass.java:75) - 
2019-09-28 09:50:02,313 +0530 [main] INFO  (BaseTestClass.java:75) - ***********************TC02_verifygoogleLogin has PASSED. **************************
2019-09-28 09:50:02,396 +0530 [main] INFO  (BaseTestClass.java:75) - ***********************TC03_verifyRetailersLogin_InValidUser has started executing**************************
2019-09-28 09:50:02,448 +0530 [main] INFO  (BaseTestClass.java:75) - 
2019-09-28 09:50:02,460 +0530 [main] INFO  (BaseTestClass.java:75) - ***********************TC03_verifyRetailersLogin_InValidUser has SKIPPED. **************************
2019-09-28 09:50:43,605 +0530 [main] INFO  (BaseTestClass.java:75) - Launching Chrome
2019-09-28 09:50:47,957 +0530 [main] INFO  (BaseTestClass.java:75) - ***********************TC01_verifyRetailersLogin_ValidUser has started executing**************************
2019-09-28 09:50:48,623 +0530 [main] INFO  (BaseTestClass.java:75) - Login to Retailers
2019-09-28 09:51:06,345 +0530 [main] INFO  (BaseTestClass.java:75) - Testcase============== TC01_verifyRetailersLogin_ValidUser ============== has failed
2019-09-28 09:51:06,627 +0530 [main] INFO  (BaseTestClass.java:75) - 
2019-09-28 09:51:06,630 +0530 [main] INFO  (BaseTestClass.java:75) - ***********************TC01_verifyRetailersLogin_ValidUser has FAILED. **************************
2019-09-28 09:51:06,718 +0530 [main] INFO  (BaseTestClass.java:75) - ***********************TC02_verifygoogleLogin has started executing**************************
2019-09-28 09:51:06,748 +0530 [main] INFO  (BaseTestClass.java:75) - 
2019-09-28 09:51:06,750 +0530 [main] INFO  (BaseTestClass.java:75) - ***********************TC02_verifygoogleLogin has SKIPPED. **************************
2019-09-28 09:51:06,765 +0530 [main] INFO  (BaseTestClass.java:75) - ***********************TC03_verifyRetailersLogin_InValidUser has started executing**************************
2019-09-28 09:51:06,799 +0530 [main] INFO  (BaseTestClass.java:75) - Login to Retailers
2019-09-28 09:51:10,913 +0530 [main] INFO  (BaseTestClass.java:75) - Testcase============== TC03_verifyRetailersLogin_InValidUser ============has Passed Successfully
2019-09-28 09:51:10,978 +0530 [main] INFO  (BaseTestClass.java:75) - 
2019-09-28 09:51:10,982 +0530 [main] INFO  (BaseTestClass.java:75) - ***********************TC03_verifyRetailersLogin_InValidUser has PASSED. **************************
2019-09-28 09:56:11,188 +0530 [main] INFO  (BaseTestClass.java:75) - Launching Chrome
2019-09-28 09:56:15,370 +0530 [main] INFO  (BaseTestClass.java:75) - ***********************TC01_verifyRetailersLogin_ValidUser has started executing**************************
2019-09-28 09:56:15,988 +0530 [main] INFO  (BaseTestClass.java:75) - Login to Retailers
2019-09-28 09:56:32,866 +0530 [main] INFO  (BaseTestClass.java:75) - 
2019-09-28 09:56:32,870 +0530 [main] INFO  (BaseTestClass.java:75) - ***********************TC01_verifyRetailersLogin_ValidUser has FAILED. **************************
2019-09-28 09:56:32,940 +0530 [main] INFO  (BaseTestClass.java:75) - ***********************TC02_verifygoogleLogin has started executing**************************
2019-09-28 09:56:32,995 +0530 [main] INFO  (BaseTestClass.java:75) - 
2019-09-28 09:56:32,999 +0530 [main] INFO  (BaseTestClass.java:75) - ***********************TC02_verifygoogleLogin has SKIPPED. **************************
2019-09-28 09:56:33,022 +0530 [main] INFO  (BaseTestClass.java:75) - ***********************TC03_verifyRetailersLogin_InValidUser has started executing**************************
2019-09-28 09:56:33,077 +0530 [main] INFO  (BaseTestClass.java:75) - Login to Retailers
2019-09-28 09:56:36,688 +0530 [main] INFO  (BaseTestClass.java:75) - 
2019-09-28 09:56:36,693 +0530 [main] INFO  (BaseTestClass.java:75) - ***********************TC03_verifyRetailersLogin_InValidUser has PASSED. **************************
2019-09-28 09:57:26,787 +0530 [main] INFO  (BaseTestClass.java:75) - Launching Chrome
2019-09-28 09:57:30,865 +0530 [main] INFO  (BaseTestClass.java:75) - ***********************TC01_verifyRetailersLogin_ValidUser has started executing**************************
2019-09-28 09:57:31,513 +0530 [main] INFO  (BaseTestClass.java:75) - Login to Retailers
2019-09-28 09:57:41,904 +0530 [main] INFO  (BaseTestClass.java:75) - Testcase============== TC01_verifyRetailersLogin_ValidUser ============== has failed
2019-09-28 09:57:42,234 +0530 [main] INFO  (BaseTestClass.java:75) - 
2019-09-28 09:57:42,236 +0530 [main] INFO  (BaseTestClass.java:75) - ***********************TC01_verifyRetailersLogin_ValidUser has FAILED. **************************
2019-09-28 09:57:42,304 +0530 [main] INFO  (BaseTestClass.java:75) - ***********************TC02_verifygoogleLogin has started executing**************************
2019-09-28 09:57:42,344 +0530 [main] INFO  (BaseTestClass.java:75) - 
2019-09-28 09:57:42,347 +0530 [main] INFO  (BaseTestClass.java:75) - ***********************TC02_verifygoogleLogin has SKIPPED. **************************
2019-09-28 09:57:42,362 +0530 [main] INFO  (BaseTestClass.java:75) - ***********************TC03_verifyRetailersLogin_InValidUser has started executing**************************
2019-09-28 09:57:42,402 +0530 [main] INFO  (BaseTestClass.java:75) - Login to Retailers
2019-09-28 09:57:45,983 +0530 [main] INFO  (BaseTestClass.java:75) - Testcase============== TC03_verifyRetailersLogin_InValidUser ============has Passed Successfully
2019-09-28 09:57:46,050 +0530 [main] INFO  (BaseTestClass.java:75) - 
2019-09-28 09:57:46,052 +0530 [main] INFO  (BaseTestClass.java:75) - ***********************TC03_verifyRetailersLogin_InValidUser has PASSED. **************************
2019-09-28 10:01:27,757 +0530 [main] INFO  (BaseTestClass.java:75) - Launching Chrome
2019-09-28 10:01:31,917 +0530 [main] INFO  (BaseTestClass.java:75) - ***********************TC01_verifyRetailersLogin_ValidUser has started executing**************************
2019-09-28 10:01:32,742 +0530 [main] INFO  (BaseTestClass.java:75) - Login to Retailers
2019-09-28 10:01:42,327 +0530 [main] INFO  (BaseTestClass.java:75) - Testcase============== TC01_verifyRetailersLogin_ValidUser ============== has failed
2019-09-28 10:01:42,616 +0530 [main] INFO  (BaseTestClass.java:75) - 
2019-09-28 10:01:42,619 +0530 [main] INFO  (BaseTestClass.java:75) - ***********************TC01_verifyRetailersLogin_ValidUser has FAILED. **************************
2019-09-28 10:01:42,687 +0530 [main] INFO  (BaseTestClass.java:75) - ***********************TC02_verifygoogleLogin has started executing**************************
2019-09-28 10:01:42,715 +0530 [main] INFO  (BaseTestClass.java:75) - 
2019-09-28 10:01:42,717 +0530 [main] INFO  (BaseTestClass.java:75) - ***********************TC02_verifygoogleLogin has SKIPPED. **************************
2019-09-28 10:01:42,733 +0530 [main] INFO  (BaseTestClass.java:75) - ***********************TC03_verifyRetailersLogin_InValidUser has started executing**************************
2019-09-28 10:01:42,755 +0530 [main] INFO  (BaseTestClass.java:75) - Login to Retailers
2019-09-28 10:01:46,399 +0530 [main] INFO  (BaseTestClass.java:75) - Testcase============== TC03_verifyRetailersLogin_InValidUser ============has Passed Successfully
2019-09-28 10:01:46,482 +0530 [main] INFO  (BaseTestClass.java:75) - 
2019-09-28 10:01:46,486 +0530 [main] INFO  (BaseTestClass.java:75) - ***********************TC03_verifyRetailersLogin_InValidUser has PASSED. **************************
2019-09-28 10:02:51,278 +0530 [main] INFO  (BaseTestClass.java:75) - Launching Chrome
2019-09-28 10:02:55,447 +0530 [main] INFO  (BaseTestClass.java:75) - ***********************TC01_verifyRetailersLogin_ValidUser has started executing**************************
2019-09-28 10:02:56,116 +0530 [main] INFO  (BaseTestClass.java:75) - Login to Retailers
2019-09-28 10:03:05,307 +0530 [main] INFO  (BaseTestClass.java:75) - ./TestCasesCreation/autothon_TestAutomation.xlsx
2019-09-28 10:03:05,814 +0530 [main] INFO  (BaseTestClass.java:75) - Testcase============== TC01_verifyRetailersLogin_ValidUser ============== has failed
2019-09-28 10:03:06,102 +0530 [main] INFO  (BaseTestClass.java:75) - 
2019-09-28 10:03:06,105 +0530 [main] INFO  (BaseTestClass.java:75) - ***********************TC01_verifyRetailersLogin_ValidUser has FAILED. **************************
2019-09-28 10:03:06,174 +0530 [main] INFO  (BaseTestClass.java:75) - ***********************TC02_verifygoogleLogin has started executing**************************
2019-09-28 10:03:06,203 +0530 [main] INFO  (BaseTestClass.java:75) - 
2019-09-28 10:03:06,206 +0530 [main] INFO  (BaseTestClass.java:75) - ***********************TC02_verifygoogleLogin has SKIPPED. **************************
2019-09-28 10:03:06,219 +0530 [main] INFO  (BaseTestClass.java:75) - ***********************TC03_verifyRetailersLogin_InValidUser has started executing**************************
2019-09-28 10:03:06,246 +0530 [main] INFO  (BaseTestClass.java:75) - Login to Retailers
2019-09-28 10:03:09,502 +0530 [main] INFO  (BaseTestClass.java:75) - ./TestCasesCreation/autothon_TestAutomation.xlsx
2019-09-28 10:03:09,555 +0530 [main] INFO  (BaseTestClass.java:75) - Testcase============== TC03_verifyRetailersLogin_InValidUser ============has Passed Successfully
2019-09-28 10:03:09,626 +0530 [main] INFO  (BaseTestClass.java:75) - 
2019-09-28 10:03:09,632 +0530 [main] INFO  (BaseTestClass.java:75) - ***********************TC03_verifyRetailersLogin_InValidUser has PASSED. **************************
2019-09-28 10:04:40,585 +0530 [main] INFO  (BaseTestClass.java:75) - Launching Chrome
2019-09-28 10:04:44,765 +0530 [main] INFO  (BaseTestClass.java:75) - ***********************TC01_verifyRetailersLogin_ValidUser has started executing**************************
2019-09-28 10:04:45,714 +0530 [main] INFO  (BaseTestClass.java:75) - Login to Retailers
2019-09-28 10:04:56,486 +0530 [main] INFO  (BaseTestClass.java:75) - ./TestCasesCreation/autothon_TestAutomation.xlsx
2019-09-28 10:04:57,117 +0530 [main] INFO  (BaseTestClass.java:75) - Testcase============== TC01_verifyRetailersLogin_ValidUser ============== has failed
2019-09-28 10:04:57,655 +0530 [main] INFO  (BaseTestClass.java:75) - 
2019-09-28 10:04:57,660 +0530 [main] INFO  (BaseTestClass.java:75) - ***********************TC01_verifyRetailersLogin_ValidUser has FAILED. **************************
2019-09-28 10:04:57,739 +0530 [main] INFO  (BaseTestClass.java:75) - ***********************TC02_verifygoogleLogin has started executing**************************
2019-09-28 10:04:57,801 +0530 [main] INFO  (BaseTestClass.java:75) - ./TestCasesCreation/autothon_TestAutomation.xlsx
2019-09-28 10:04:57,880 +0530 [main] INFO  (BaseTestClass.java:75) - Testcase================ TC02_verifygoogleLogin ============== has Skipped
2019-09-28 10:04:57,969 +0530 [main] INFO  (BaseTestClass.java:75) - 
2019-09-28 10:04:57,974 +0530 [main] INFO  (BaseTestClass.java:75) - ***********************TC02_verifygoogleLogin has SKIPPED. **************************
2019-09-28 10:04:57,995 +0530 [main] INFO  (BaseTestClass.java:75) - ***********************TC03_verifyRetailersLogin_InValidUser has started executing**************************
2019-09-28 10:04:58,038 +0530 [main] INFO  (BaseTestClass.java:75) - Login to Retailers
2019-09-28 10:05:01,562 +0530 [main] INFO  (BaseTestClass.java:75) - ./TestCasesCreation/autothon_TestAutomation.xlsx
2019-09-28 10:05:01,629 +0530 [main] INFO  (BaseTestClass.java:75) - Testcase============== TC03_verifyRetailersLogin_InValidUser ============has Passed Successfully
2019-09-28 10:05:01,711 +0530 [main] INFO  (BaseTestClass.java:75) - 
2019-09-28 10:05:01,717 +0530 [main] INFO  (BaseTestClass.java:75) - ***********************TC03_verifyRetailersLogin_InValidUser has PASSED. **************************
2019-09-28 10:06:19,005 +0530 [main] INFO  (BaseTestClass.java:75) - Launching Chrome
2019-09-28 10:06:23,200 +0530 [main] INFO  (BaseTestClass.java:75) - ***********************TC01_verifyRetailersLogin_ValidUser has started executing**************************
2019-09-28 10:06:24,221 +0530 [main] INFO  (BaseTestClass.java:75) - Login to Retailers
2019-09-28 10:06:33,195 +0530 [main] INFO  (BaseTestClass.java:75) - ./TestCasesCreation/autothon_TestAutomation.xlsx
2019-09-28 10:06:33,751 +0530 [main] INFO  (BaseTestClass.java:75) - Testcase============== TC01_verifyRetailersLogin_ValidUser ============== has failed
2019-09-28 10:06:34,079 +0530 [main] INFO  (BaseTestClass.java:75) - 
2019-09-28 10:06:34,083 +0530 [main] INFO  (BaseTestClass.java:75) - ***********************TC01_verifyRetailersLogin_ValidUser has FAILED. **************************
2019-09-28 10:06:34,160 +0530 [main] INFO  (BaseTestClass.java:75) - ***********************TC02_verifygoogleLogin has started executing**************************
2019-09-28 10:06:34,208 +0530 [main] INFO  (BaseTestClass.java:75) - ./TestCasesCreation/autothon_TestAutomation.xlsx
2019-09-28 10:06:34,628 +0530 [main] INFO  (BaseTestClass.java:75) - 
2019-09-28 10:06:34,631 +0530 [main] INFO  (BaseTestClass.java:75) - ***********************TC02_verifygoogleLogin has SKIPPED. **************************
2019-09-28 10:06:34,642 +0530 [main] INFO  (BaseTestClass.java:75) - ***********************TC03_verifyRetailersLogin_InValidUser has started executing**************************
2019-09-28 10:06:34,666 +0530 [main] INFO  (BaseTestClass.java:75) - Login to Retailers
2019-09-28 10:06:38,188 +0530 [main] INFO  (BaseTestClass.java:75) - ./TestCasesCreation/autothon_TestAutomation.xlsx
2019-09-28 10:06:38,265 +0530 [main] INFO  (BaseTestClass.java:75) - Testcase============== TC03_verifyRetailersLogin_InValidUser ============has Passed Successfully
2019-09-28 10:06:38,344 +0530 [main] INFO  (BaseTestClass.java:75) - 
2019-09-28 10:06:38,347 +0530 [main] INFO  (BaseTestClass.java:75) - ***********************TC03_verifyRetailersLogin_InValidUser has PASSED. **************************
2019-09-28 10:11:33,159 +0530 [main] INFO  (BaseTestClass.java:75) - Launching Chrome
2019-09-28 10:11:37,308 +0530 [main] INFO  (BaseTestClass.java:75) - ***********************TC01_verifyRetailersLogin_ValidUser has started executing**************************
2019-09-28 10:11:38,025 +0530 [main] INFO  (BaseTestClass.java:75) - Login to Retailers
2019-09-28 10:11:49,785 +0530 [main] INFO  (BaseTestClass.java:75) - ./TestCasesCreation/autothon_TestAutomation.xlsx
2019-09-28 10:11:50,447 +0530 [main] INFO  (BaseTestClass.java:75) - Testcase============== TC01_verifyRetailersLogin_ValidUser ============== has failed
2019-09-28 10:11:50,716 +0530 [main] INFO  (BaseTestClass.java:75) - 
2019-09-28 10:11:50,718 +0530 [main] INFO  (BaseTestClass.java:75) - ***********************TC01_verifyRetailersLogin_ValidUser has FAILED. **************************
2019-09-28 10:11:50,796 +0530 [main] INFO  (BaseTestClass.java:75) - ***********************TC02_verifygoogleLogin has started executing**************************
2019-09-28 10:11:50,845 +0530 [main] INFO  (BaseTestClass.java:75) - ./TestCasesCreation/autothon_TestAutomation.xlsx
2019-09-28 10:11:51,347 +0530 [main] INFO  (BaseTestClass.java:75) - 
2019-09-28 10:11:51,349 +0530 [main] INFO  (BaseTestClass.java:75) - ***********************TC02_verifygoogleLogin has SKIPPED. **************************
2019-09-28 10:11:51,361 +0530 [main] INFO  (BaseTestClass.java:75) - ***********************TC03_verifyRetailersLogin_InValidUser has started executing**************************
2019-09-28 10:11:51,381 +0530 [main] INFO  (BaseTestClass.java:75) - Login to Retailers
2019-09-28 10:11:54,561 +0530 [main] INFO  (BaseTestClass.java:75) - ./TestCasesCreation/autothon_TestAutomation.xlsx
2019-09-28 10:11:54,602 +0530 [main] INFO  (BaseTestClass.java:75) - Testcase============== TC03_verifyRetailersLogin_InValidUser ============has Passed Successfully
2019-09-28 10:11:54,654 +0530 [main] INFO  (BaseTestClass.java:75) - 
2019-09-28 10:11:54,656 +0530 [main] INFO  (BaseTestClass.java:75) - ***********************TC03_verifyRetailersLogin_InValidUser has PASSED. **************************
2019-09-28 10:15:28,171 +0530 [main] INFO  (BaseTestClass.java:75) - Launching Chrome
2019-09-28 10:15:32,357 +0530 [main] INFO  (BaseTestClass.java:75) - ***********************TC01_verifyRetailersLogin_ValidUser has started executing**************************
2019-09-28 10:15:32,999 +0530 [main] INFO  (BaseTestClass.java:75) - Login to Retailers
2019-09-28 10:15:46,555 +0530 [main] INFO  (BaseTestClass.java:75) - ./TestCasesCreation/autothon_TestAutomation.xlsx
2019-09-28 10:15:47,304 +0530 [main] INFO  (BaseTestClass.java:75) - Testcase============== TC01_verifyRetailersLogin_ValidUser ============== has failed
2019-09-28 10:15:47,816 +0530 [main] INFO  (BaseTestClass.java:75) - 
2019-09-28 10:15:47,819 +0530 [main] INFO  (BaseTestClass.java:75) - ***********************TC01_verifyRetailersLogin_ValidUser has FAILED. **************************
2019-09-28 10:15:47,904 +0530 [main] INFO  (BaseTestClass.java:75) - ***********************TC02_verifygoogleLogin has started executing**************************
2019-09-28 10:15:47,960 +0530 [main] INFO  (BaseTestClass.java:75) - TC02_verifygoogleLogin------------
2019-09-28 10:15:48,001 +0530 [main] INFO  (BaseTestClass.java:75) - ./TestCasesCreation/autothon_TestAutomation.xlsx
2019-09-28 10:15:48,575 +0530 [main] INFO  (BaseTestClass.java:75) - 
2019-09-28 10:15:48,576 +0530 [main] INFO  (BaseTestClass.java:75) - ***********************TC02_verifygoogleLogin has SKIPPED. **************************
2019-09-28 10:15:48,599 +0530 [main] INFO  (BaseTestClass.java:75) - ***********************TC03_verifyRetailersLogin_InValidUser has started executing**************************
2019-09-28 10:15:48,641 +0530 [main] INFO  (BaseTestClass.java:75) - Login to Retailers
2019-09-28 10:15:51,911 +0530 [main] INFO  (BaseTestClass.java:75) - TC03_verifyRetailersLogin_InValidUser
2019-09-28 10:15:51,941 +0530 [main] INFO  (BaseTestClass.java:75) - ./TestCasesCreation/autothon_TestAutomation.xlsx
2019-09-28 10:15:52,009 +0530 [main] INFO  (BaseTestClass.java:75) - Testcase============== TC03_verifyRetailersLogin_InValidUser ============has Passed Successfully
2019-09-28 10:15:52,090 +0530 [main] INFO  (BaseTestClass.java:75) - 
2019-09-28 10:15:52,096 +0530 [main] INFO  (BaseTestClass.java:75) - ***********************TC03_verifyRetailersLogin_InValidUser has PASSED. **************************
2019-09-28 10:21:35,027 +0530 [main] INFO  (BaseTestClass.java:75) - Launching Chrome
2019-09-28 10:21:39,373 +0530 [main] INFO  (BaseTestClass.java:75) - ***********************TC01_verifyRetailersLogin_ValidUser has started executing**************************
2019-09-28 10:21:39,943 +0530 [main] INFO  (BaseTestClass.java:75) - Login to Retailers
2019-09-28 10:21:49,221 +0530 [main] INFO  (BaseTestClass.java:75) - ./TestCasesCreation/autothon_TestAutomation.xlsx
2019-09-28 10:21:49,780 +0530 [main] INFO  (BaseTestClass.java:75) - Testcase============== TC01_verifyRetailersLogin_ValidUser ============== has failed
2019-09-28 10:21:50,033 +0530 [main] INFO  (BaseTestClass.java:75) - 
2019-09-28 10:21:50,035 +0530 [main] INFO  (BaseTestClass.java:75) - ***********************TC01_verifyRetailersLogin_ValidUser has FAILED. **************************
2019-09-28 10:21:50,111 +0530 [main] INFO  (BaseTestClass.java:75) - ***********************TC02_verifygoogleLogin has started executing**************************
2019-09-28 10:21:50,138 +0530 [main] INFO  (BaseTestClass.java:75) - TC02_verifygoogleLogin------------
2019-09-28 10:21:50,162 +0530 [main] INFO  (BaseTestClass.java:75) - ./TestCasesCreation/autothon_TestAutomation.xlsx
2019-09-28 10:21:50,680 +0530 [main] INFO  (BaseTestClass.java:75) - 
2019-09-28 10:21:50,681 +0530 [main] INFO  (BaseTestClass.java:75) - ***********************TC02_verifygoogleLogin has SKIPPED. **************************
2019-09-28 10:21:50,696 +0530 [main] INFO  (BaseTestClass.java:75) - ***********************TC03_verifyRetailersLogin_InValidUser has started executing**************************
2019-09-28 10:21:50,711 +0530 [main] INFO  (BaseTestClass.java:75) - Login to Retailers
2019-09-28 10:21:54,159 +0530 [main] INFO  (BaseTestClass.java:75) - !!!!!!!!!!!!!!!TC03_verifyRetailersLogin_InValidUser
2019-09-28 10:21:54,184 +0530 [main] INFO  (BaseTestClass.java:75) - ./TestCasesCreation/autothon_TestAutomation.xlsx
2019-09-28 10:21:54,222 +0530 [main] INFO  (BaseTestClass.java:75) - Testcase============== TC03_verifyRetailersLogin_InValidUser ============has Passed Successfully
2019-09-28 10:21:54,275 +0530 [main] INFO  (BaseTestClass.java:75) - 
2019-09-28 10:21:54,279 +0530 [main] INFO  (BaseTestClass.java:75) - ***********************TC03_verifyRetailersLogin_InValidUser has PASSED. **************************
2019-09-28 10:24:10,258 +0530 [main] INFO  (BaseTestClass.java:75) - Launching Chrome
2019-09-28 10:24:14,261 +0530 [main] INFO  (BaseTestClass.java:75) - ***********************TC01_verifyRetailersLogin_ValidUser has started executing**************************
2019-09-28 10:24:14,872 +0530 [main] INFO  (BaseTestClass.java:75) - Login to Retailers
2019-09-28 10:24:24,762 +0530 [main] INFO  (BaseTestClass.java:75) - ./TestCasesCreation/autothon_TestAutomation.xlsx
2019-09-28 10:24:25,388 +0530 [main] INFO  (BaseTestClass.java:75) - Testcase============== TC01_verifyRetailersLogin_ValidUser ============== has failed
2019-09-28 10:24:25,677 +0530 [main] INFO  (BaseTestClass.java:75) - 
2019-09-28 10:24:25,680 +0530 [main] INFO  (BaseTestClass.java:75) - ***********************TC01_verifyRetailersLogin_ValidUser has FAILED. **************************
2019-09-28 10:24:25,755 +0530 [main] INFO  (BaseTestClass.java:75) - ***********************TC02_verifygoogleLogin has started executing**************************
2019-09-28 10:24:25,781 +0530 [main] INFO  (BaseTestClass.java:75) - TC02_verifygoogleLogin------------
2019-09-28 10:24:25,801 +0530 [main] INFO  (BaseTestClass.java:75) - ./TestCasesCreation/autothon_TestAutomation.xlsx
2019-09-28 10:24:26,492 +0530 [main] INFO  (BaseTestClass.java:75) - 
2019-09-28 10:24:26,498 +0530 [main] INFO  (BaseTestClass.java:75) - ***********************TC02_verifygoogleLogin has SKIPPED. **************************
2019-09-28 10:24:26,522 +0530 [main] INFO  (BaseTestClass.java:75) - ***********************TC03_verifyRetailersLogin_InValidUser has started executing**************************
2019-09-28 10:24:26,566 +0530 [main] INFO  (BaseTestClass.java:75) - Login to Retailers
2019-09-28 10:24:30,453 +0530 [main] INFO  (BaseTestClass.java:75) - !!!!!!!!!!!!!!!TC03_verifyRetailersLogin_InValidUser
2019-09-28 10:24:30,566 +0530 [main] INFO  (BaseTestClass.java:75) - ./TestCasesCreation/autothon_TestAutomation.xlsx
2019-09-28 10:24:30,631 +0530 [main] INFO  (BaseTestClass.java:75) - Testcase============== TC03_verifyRetailersLogin_InValidUser ============has Passed Successfully
2019-09-28 10:24:30,687 +0530 [main] INFO  (BaseTestClass.java:75) - 
2019-09-28 10:24:30,689 +0530 [main] INFO  (BaseTestClass.java:75) - ***********************TC03_verifyRetailersLogin_InValidUser has PASSED. **************************
2019-09-28 11:03:45,825 +0530 [main] INFO  (BaseTestClass.java:75) - Launching Chrome
2019-09-28 11:03:49,897 +0530 [main] INFO  (BaseTestClass.java:75) - ***********************TC01_verifyRetailersLogin_ValidUser has started executing**************************
2019-09-28 11:03:50,966 +0530 [main] INFO  (BaseTestClass.java:75) - Login to Retailers
2019-09-28 11:04:06,798 +0530 [main] INFO  (BaseTestClass.java:75) - !!!!!!!!!!!!!!!TC01_verifyRetailersLogin_ValidUser
2019-09-28 11:04:06,851 +0530 [main] INFO  (BaseTestClass.java:75) - ./TestCasesCreation/autothon_TestAutomation.xlsx
2019-09-28 11:04:07,580 +0530 [main] INFO  (BaseTestClass.java:75) - Testcase============== TC01_verifyRetailersLogin_ValidUser ============== has failed
2019-09-28 11:04:08,130 +0530 [main] INFO  (BaseTestClass.java:75) - 
2019-09-28 11:04:08,135 +0530 [main] INFO  (BaseTestClass.java:75) - ***********************TC01_verifyRetailersLogin_ValidUser has FAILED. **************************
2019-09-28 11:04:08,209 +0530 [main] INFO  (BaseTestClass.java:75) - ***********************TC02_verifygoogleLogin has started executing**************************
2019-09-28 11:04:08,249 +0530 [main] INFO  (BaseTestClass.java:75) - TC02_verifygoogleLogin------------
2019-09-28 11:04:08,293 +0530 [main] INFO  (BaseTestClass.java:75) - ./TestCasesCreation/autothon_TestAutomation.xlsx
2019-09-28 11:04:08,775 +0530 [main] INFO  (BaseTestClass.java:75) - 
2019-09-28 11:04:08,777 +0530 [main] INFO  (BaseTestClass.java:75) - ***********************TC02_verifygoogleLogin has SKIPPED. **************************
2019-09-28 11:04:08,786 +0530 [main] INFO  (BaseTestClass.java:75) - ***********************TC03_verifyRetailersLogin_InValidUser has started executing**************************
2019-09-28 11:04:08,806 +0530 [main] INFO  (BaseTestClass.java:75) - Login to Retailers
2019-09-28 11:04:13,310 +0530 [main] INFO  (BaseTestClass.java:75) - ./TestCasesCreation/autothon_TestAutomation.xlsx
2019-09-28 11:04:13,362 +0530 [main] INFO  (BaseTestClass.java:75) - Testcase============== TC03_verifyRetailersLogin_InValidUser ============has Passed Successfully
2019-09-28 11:04:13,409 +0530 [main] INFO  (BaseTestClass.java:75) - 
2019-09-28 11:04:13,412 +0530 [main] INFO  (BaseTestClass.java:75) - ***********************TC03_verifyRetailersLogin_InValidUser has PASSED. **************************
2019-09-28 11:06:00,967 +0530 [main] INFO  (BaseTestClass.java:75) - Launching Chrome
2019-09-28 11:06:04,960 +0530 [main] INFO  (BaseTestClass.java:75) - ***********************TC01_verifyRetailersLogin_ValidUser has started executing**************************
2019-09-28 11:06:05,590 +0530 [main] INFO  (BaseTestClass.java:75) - Login to Retailers
2019-09-28 11:06:16,671 +0530 [main] INFO  (BaseTestClass.java:75) - !!!!!!!!!!!!!!!TC01_verifyRetailersLogin_ValidUser
2019-09-28 11:06:16,706 +0530 [main] INFO  (BaseTestClass.java:75) - ./TestCasesCreation/autothon_TestAutomation.xlsx
2019-09-28 11:06:17,235 +0530 [main] INFO  (BaseTestClass.java:75) - Testcase============== TC01_verifyRetailersLogin_ValidUser ============== has failed
2019-09-28 11:06:17,500 +0530 [main] INFO  (BaseTestClass.java:75) - 
2019-09-28 11:06:17,504 +0530 [main] INFO  (BaseTestClass.java:75) - ***********************TC01_verifyRetailersLogin_ValidUser has FAILED. **************************
2019-09-28 11:06:17,583 +0530 [main] INFO  (BaseTestClass.java:75) - ***********************TC02_verifygoogleLogin has started executing**************************
2019-09-28 11:06:17,616 +0530 [main] INFO  (BaseTestClass.java:75) - TC02_verifygoogleLogin------------
2019-09-28 11:06:17,636 +0530 [main] INFO  (BaseTestClass.java:75) - ./TestCasesCreation/autothon_TestAutomation.xlsx
2019-09-28 11:06:18,222 +0530 [main] INFO  (BaseTestClass.java:75) - 
2019-09-28 11:06:18,226 +0530 [main] INFO  (BaseTestClass.java:75) - ***********************TC02_verifygoogleLogin has SKIPPED. **************************
2019-09-28 11:06:18,241 +0530 [main] INFO  (BaseTestClass.java:75) - ***********************TC03_verifyRetailersLogin_InValidUser has started executing**************************
2019-09-28 11:06:18,267 +0530 [main] INFO  (BaseTestClass.java:75) - Login to Retailers
2019-09-28 11:06:22,854 +0530 [main] INFO  (BaseTestClass.java:75) - ./TestCasesCreation/autothon_TestAutomation.xlsx
2019-09-28 11:06:22,890 +0530 [main] INFO  (BaseTestClass.java:75) - Testcase============== TC03_verifyRetailersLogin_InValidUser ============has Passed Successfully
2019-09-28 11:06:22,942 +0530 [main] INFO  (BaseTestClass.java:75) - 
2019-09-28 11:06:22,943 +0530 [main] INFO  (BaseTestClass.java:75) - ***********************TC03_verifyRetailersLogin_InValidUser has PASSED. **************************
2019-09-28 11:09:14,928 +0530 [main] INFO  (BaseTestClass.java:75) - Launching Chrome
2019-09-28 11:09:19,393 +0530 [main] INFO  (BaseTestClass.java:75) - ***********************TC01_verifyRetailersLogin_ValidUser has started executing**************************
2019-09-28 11:09:20,137 +0530 [main] INFO  (BaseTestClass.java:75) - Login to Retailers
2019-09-28 11:09:37,094 +0530 [main] INFO  (BaseTestClass.java:75) - !!!!!!!!!!!!!!!TC01_verifyRetailersLogin_ValidUser
2019-09-28 11:09:37,098 +0530 [main] INFO  (BaseTestClass.java:75) - FAILED
2019-09-28 11:09:37,125 +0530 [main] INFO  (BaseTestClass.java:75) - ./TestCasesCreation/autothon_TestAutomation.xlsx
2019-09-28 11:09:37,990 +0530 [main] INFO  (BaseTestClass.java:75) - Testcase============== TC01_verifyRetailersLogin_ValidUser ============== has failed
2019-09-28 11:09:38,261 +0530 [main] INFO  (BaseTestClass.java:75) - 
2019-09-28 11:09:38,264 +0530 [main] INFO  (BaseTestClass.java:75) - ***********************TC01_verifyRetailersLogin_ValidUser has FAILED. **************************
2019-09-28 11:09:38,342 +0530 [main] INFO  (BaseTestClass.java:75) - ***********************TC02_verifygoogleLogin has started executing**************************
2019-09-28 11:09:38,368 +0530 [main] INFO  (BaseTestClass.java:75) - TC02_verifygoogleLogin------------
2019-09-28 11:09:38,370 +0530 [main] INFO  (BaseTestClass.java:75) - SKIPPED
2019-09-28 11:09:38,396 +0530 [main] INFO  (BaseTestClass.java:75) - ./TestCasesCreation/autothon_TestAutomation.xlsx
2019-09-28 11:09:38,900 +0530 [main] INFO  (BaseTestClass.java:75) - 
2019-09-28 11:09:38,903 +0530 [main] INFO  (BaseTestClass.java:75) - ***********************TC02_verifygoogleLogin has SKIPPED. **************************
2019-09-28 11:09:38,919 +0530 [main] INFO  (BaseTestClass.java:75) - ***********************TC03_verifyRetailersLogin_InValidUser has started executing**************************
2019-09-28 11:09:38,940 +0530 [main] INFO  (BaseTestClass.java:75) - Login to Retailers
2019-09-28 11:09:42,089 +0530 [main] INFO  (BaseTestClass.java:75) - PASSED
2019-09-28 11:09:42,122 +0530 [main] INFO  (BaseTestClass.java:75) - ./TestCasesCreation/autothon_TestAutomation.xlsx
2019-09-28 11:09:42,172 +0530 [main] INFO  (BaseTestClass.java:75) - Testcase============== TC03_verifyRetailersLogin_InValidUser ============has Passed Successfully
2019-09-28 11:09:42,259 +0530 [main] INFO  (BaseTestClass.java:75) - 
2019-09-28 11:09:42,265 +0530 [main] INFO  (BaseTestClass.java:75) - ***********************TC03_verifyRetailersLogin_InValidUser has PASSED. **************************
2019-09-28 11:11:51,833 +0530 [main] INFO  (BaseTestClass.java:75) - Launching Chrome
2019-09-28 11:11:55,592 +0530 [main] INFO  (BaseTestClass.java:75) - ***********************TC01_verifyRetailersLogin_ValidUser has started executing**************************
2019-09-28 11:11:56,038 +0530 [main] INFO  (BaseTestClass.java:75) - Login to Retailers
2019-09-28 11:12:06,132 +0530 [main] INFO  (BaseTestClass.java:75) - !!!!!!!!!!!!!!!TC01_verifyRetailersLogin_ValidUser
2019-09-28 11:12:06,136 +0530 [main] INFO  (BaseTestClass.java:75) - FAILED
2019-09-28 11:12:06,176 +0530 [main] INFO  (BaseTestClass.java:75) - ./TestCasesCreation/autothon_TestAutomation.xlsx
2019-09-28 11:12:06,183 +0530 [main] INFO  (BaseTestClass.java:75) - ClassName ==TestCases_Sup_LoginPage
2019-09-28 11:12:06,662 +0530 [main] INFO  (BaseTestClass.java:75) - Testcase============== TC01_verifyRetailersLogin_ValidUser ============== has failed
2019-09-28 11:12:06,869 +0530 [main] INFO  (BaseTestClass.java:75) - 
2019-09-28 11:12:06,871 +0530 [main] INFO  (BaseTestClass.java:75) - ***********************TC01_verifyRetailersLogin_ValidUser has FAILED. **************************
2019-09-28 11:12:06,932 +0530 [main] INFO  (BaseTestClass.java:75) - ***********************TC02_verifygoogleLogin has started executing**************************
2019-09-28 11:12:06,954 +0530 [main] INFO  (BaseTestClass.java:75) - TC02_verifygoogleLogin------------
2019-09-28 11:12:06,956 +0530 [main] INFO  (BaseTestClass.java:75) - SKIPPED
2019-09-28 11:12:06,973 +0530 [main] INFO  (BaseTestClass.java:75) - ./TestCasesCreation/autothon_TestAutomation.xlsx
2019-09-28 11:12:06,976 +0530 [main] INFO  (BaseTestClass.java:75) - ClassName ==TestCases_Sup_LoginPage
2019-09-28 11:12:07,368 +0530 [main] INFO  (BaseTestClass.java:75) - 
2019-09-28 11:12:07,370 +0530 [main] INFO  (BaseTestClass.java:75) - ***********************TC02_verifygoogleLogin has SKIPPED. **************************
2019-09-28 11:12:07,381 +0530 [main] INFO  (BaseTestClass.java:75) - ***********************TC03_verifyRetailersLogin_InValidUser has started executing**************************
2019-09-28 11:12:07,398 +0530 [main] INFO  (BaseTestClass.java:75) - Login to Retailers
2019-09-28 11:12:10,425 +0530 [main] INFO  (BaseTestClass.java:75) - PASSED
2019-09-28 11:12:10,438 +0530 [main] INFO  (BaseTestClass.java:75) - ./TestCasesCreation/autothon_TestAutomation.xlsx
2019-09-28 11:12:10,440 +0530 [main] INFO  (BaseTestClass.java:75) - ClassName ==TestCases_Sup_LoginPage
2019-09-28 11:12:10,471 +0530 [main] INFO  (BaseTestClass.java:75) - Testcase============== TC03_verifyRetailersLogin_InValidUser ============has Passed Successfully
2019-09-28 11:12:10,512 +0530 [main] INFO  (BaseTestClass.java:75) - 
2019-09-28 11:12:10,514 +0530 [main] INFO  (BaseTestClass.java:75) - ***********************TC03_verifyRetailersLogin_InValidUser has PASSED. **************************
2019-09-28 11:23:28,730 +0530 [main] INFO  (BaseTestClass.java:75) - testclassnamw=====TestCases_Ret_LoginPage
2019-09-28 11:23:28,764 +0530 [main] INFO  (BaseTestClass.java:75) - Launching Chrome
2019-09-28 11:23:32,485 +0530 [main] INFO  (BaseTestClass.java:75) - ***********************TC01_verifyRetailersLogin_ValidUser has started executing**************************
2019-09-28 11:23:33,015 +0530 [main] INFO  (BaseTestClass.java:75) - Login to Retailers
2019-09-28 11:23:45,533 +0530 [main] INFO  (BaseTestClass.java:75) - !!!!!!!!!!!!!!!TC01_verifyRetailersLogin_ValidUser
2019-09-28 11:23:45,537 +0530 [main] INFO  (BaseTestClass.java:75) - FAILED
2019-09-28 11:23:45,576 +0530 [main] INFO  (BaseTestClass.java:75) - ./TestCasesCreation/autothon_TestAutomation.xlsx
2019-09-28 11:23:45,579 +0530 [main] INFO  (BaseTestClass.java:75) - ClassName ==TestCases_Ret_LoginPage
2019-09-28 11:23:46,269 +0530 [main] INFO  (BaseTestClass.java:75) - Testcase============== TC01_verifyRetailersLogin_ValidUser ============== has failed
2019-09-28 11:23:46,490 +0530 [main] INFO  (BaseTestClass.java:75) - 
2019-09-28 11:23:46,493 +0530 [main] INFO  (BaseTestClass.java:75) - ***********************TC01_verifyRetailersLogin_ValidUser has FAILED. **************************
2019-09-28 11:23:46,550 +0530 [main] INFO  (BaseTestClass.java:75) - ***********************TC02_verifygoogleLogin has started executing**************************
2019-09-28 11:23:46,570 +0530 [main] INFO  (BaseTestClass.java:75) - TC02_verifygoogleLogin------------
2019-09-28 11:23:46,572 +0530 [main] INFO  (BaseTestClass.java:75) - SKIPPED
2019-09-28 11:23:46,589 +0530 [main] INFO  (BaseTestClass.java:75) - ./TestCasesCreation/autothon_TestAutomation.xlsx
2019-09-28 11:23:46,592 +0530 [main] INFO  (BaseTestClass.java:75) - ClassName ==TestCases_Ret_LoginPage
2019-09-28 11:23:47,014 +0530 [main] INFO  (BaseTestClass.java:75) - 
2019-09-28 11:23:47,016 +0530 [main] INFO  (BaseTestClass.java:75) - ***********************TC02_verifygoogleLogin has SKIPPED. **************************
2019-09-28 11:23:47,027 +0530 [main] INFO  (BaseTestClass.java:75) - ***********************TC03_verifyRetailersLogin_InValidUser has started executing**************************
2019-09-28 11:23:47,041 +0530 [main] INFO  (BaseTestClass.java:75) - Login to Retailers
2019-09-28 11:23:49,859 +0530 [main] INFO  (BaseTestClass.java:75) - PASSED
2019-09-28 11:23:49,874 +0530 [main] INFO  (BaseTestClass.java:75) - ./TestCasesCreation/autothon_TestAutomation.xlsx
2019-09-28 11:23:49,875 +0530 [main] INFO  (BaseTestClass.java:75) - ClassName ==TestCases_Ret_LoginPage
2019-09-28 11:23:49,951 +0530 [main] INFO  (BaseTestClass.java:75) - Testcase============== TC03_verifyRetailersLogin_InValidUser ============has Passed Successfully
2019-09-28 11:23:50,004 +0530 [main] INFO  (BaseTestClass.java:75) - 
2019-09-28 11:23:50,006 +0530 [main] INFO  (BaseTestClass.java:75) - ***********************TC03_verifyRetailersLogin_InValidUser has PASSED. **************************
2019-09-28 13:03:56,865 +0530 [main] INFO  (BaseTestClass.java:75) - Launching Chrome
2019-09-28 13:04:00,625 +0530 [main] INFO  (BaseTestClass.java:75) - ***********************TC01_addANewMovie has started executing**************************
2019-09-28 13:04:01,078 +0530 [main] INFO  (BaseTestClass.java:75) - Navigate to Movie Rental Service Page
2019-09-28 13:04:03,275 +0530 [main] INFO  (BaseTestClass.java:75) - Click on Login Button
2019-09-28 13:04:50,601 +0530 [main] INFO  (BaseTestClass.java:75) - Launching Chrome
2019-09-28 13:04:54,356 +0530 [main] INFO  (BaseTestClass.java:75) - ***********************TC01_addANewMovie has started executing**************************
2019-09-28 13:04:54,836 +0530 [main] INFO  (BaseTestClass.java:75) - Navigate to Movie Rental Service Page
2019-09-28 13:04:58,457 +0530 [main] INFO  (BaseTestClass.java:75) - Click on Login Button
2019-09-28 13:04:58,513 +0530 [main] INFO  (BaseTestClass.java:75) - Fill Username
2019-09-28 13:05:40,083 +0530 [main] INFO  (BaseTestClass.java:75) - Launching Chrome
2019-09-28 13:05:43,875 +0530 [main] INFO  (BaseTestClass.java:75) - ***********************TC01_addANewMovie has started executing**************************
2019-09-28 13:05:44,367 +0530 [main] INFO  (BaseTestClass.java:75) - Navigate to Movie Rental Service Page
2019-09-28 13:05:46,661 +0530 [main] INFO  (BaseTestClass.java:75) - Click on Login Button
2019-09-28 13:05:47,467 +0530 [main] INFO  (BaseTestClass.java:75) - Fill Username
2019-09-28 13:05:47,630 +0530 [main] INFO  (BaseTestClass.java:75) - Fill Password
2019-09-28 13:06:13,471 +0530 [main] INFO  (BaseTestClass.java:75) - Launching Chrome
2019-09-28 13:06:17,282 +0530 [main] INFO  (BaseTestClass.java:75) - ***********************TC01_addANewMovie has started executing**************************
2019-09-28 13:06:17,778 +0530 [main] INFO  (BaseTestClass.java:75) - Navigate to Movie Rental Service Page
2019-09-28 13:06:19,599 +0530 [main] INFO  (BaseTestClass.java:75) - Click on Login Button
2019-09-28 13:06:20,442 +0530 [main] INFO  (BaseTestClass.java:75) - Fill Username
2019-09-28 13:06:20,550 +0530 [main] INFO  (BaseTestClass.java:75) - Fill Password
2019-09-28 13:07:30,674 +0530 [main] INFO  (BaseTestClass.java:75) - Launching Chrome
2019-09-28 13:07:34,739 +0530 [main] INFO  (BaseTestClass.java:75) - ***********************TC01_addANewMovie has started executing**************************
2019-09-28 13:07:35,233 +0530 [main] INFO  (BaseTestClass.java:75) - Navigate to Movie Rental Service Page
2019-09-28 13:07:37,710 +0530 [main] INFO  (BaseTestClass.java:75) - Click on Login Button
2019-09-28 13:07:38,539 +0530 [main] INFO  (BaseTestClass.java:75) - Fill Username
2019-09-28 13:07:38,627 +0530 [main] INFO  (BaseTestClass.java:75) - Fill Password
2019-09-28 13:07:38,799 +0530 [main] INFO  (BaseTestClass.java:75) - 
2019-09-28 13:07:38,802 +0530 [main] INFO  (BaseTestClass.java:75) - ***********************TC01_addANewMovie has PASSED. **************************
2019-09-28 13:46:25,181 +0530 [main] INFO  (BaseTestClass.java:75) - Launching Chrome
2019-09-28 13:46:29,000 +0530 [main] INFO  (BaseTestClass.java:75) - ***********************TC01_addANewMovie has started executing**************************
2019-09-28 13:46:29,480 +0530 [main] INFO  (BaseTestClass.java:75) - Navigate to Movie Rental Service Page
2019-09-28 13:46:31,297 +0530 [main] INFO  (BaseTestClass.java:75) - Click on Login Button
2019-09-28 13:46:32,148 +0530 [main] INFO  (BaseTestClass.java:75) - Fill Username
2019-09-28 13:46:32,261 +0530 [main] INFO  (BaseTestClass.java:75) - Fill Password
2019-09-28 13:46:32,455 +0530 [main] INFO  (BaseTestClass.java:75) - Verify Log In
2019-09-28 13:46:32,499 +0530 [main] INFO  (BaseTestClass.java:75) - 
2019-09-28 13:46:32,503 +0530 [main] INFO  (BaseTestClass.java:75) - ***********************TC01_addANewMovie has FAILED. **************************
2019-09-28 13:46:51,340 +0530 [main] INFO  (BaseTestClass.java:75) - Launching Chrome
2019-09-28 13:46:55,096 +0530 [main] INFO  (BaseTestClass.java:75) - ***********************TC01_addANewMovie has started executing**************************
2019-09-28 13:46:55,591 +0530 [main] INFO  (BaseTestClass.java:75) - Navigate to Movie Rental Service Page
2019-09-28 13:46:57,422 +0530 [main] INFO  (BaseTestClass.java:75) - Click on Login Button
2019-09-28 13:46:58,521 +0530 [main] INFO  (BaseTestClass.java:75) - Fill Username
2019-09-28 13:46:58,616 +0530 [main] INFO  (BaseTestClass.java:75) - Fill Password
2019-09-28 13:46:58,785 +0530 [main] INFO  (BaseTestClass.java:75) - Verify Log In
2019-09-28 13:46:58,825 +0530 [main] INFO  (BaseTestClass.java:75) - Click on Add movie link
2019-09-28 13:46:58,853 +0530 [main] INFO  (BaseTestClass.java:75) - 
2019-09-28 13:46:58,854 +0530 [main] INFO  (BaseTestClass.java:75) - ***********************TC01_addANewMovie has FAILED. **************************
2019-09-28 13:49:51,299 +0530 [main] INFO  (BaseTestClass.java:75) - Launching Chrome
2019-09-28 13:49:55,060 +0530 [main] INFO  (BaseTestClass.java:75) - ***********************TC02_loginUser has started executing**************************
2019-09-28 13:49:55,525 +0530 [main] INFO  (BaseTestClass.java:75) - Navigate to Movie Rental Service Page
2019-09-28 13:49:58,575 +0530 [main] INFO  (BaseTestClass.java:75) - Click on Login Button
2019-09-28 13:49:59,328 +0530 [main] INFO  (BaseTestClass.java:75) - Fill Username
2019-09-28 13:49:59,426 +0530 [main] INFO  (BaseTestClass.java:75) - Fill Password
2019-09-28 13:49:59,590 +0530 [main] INFO  (BaseTestClass.java:75) - Verify Log In
2019-09-28 13:49:59,594 +0530 [main] INFO  (BaseTestClass.java:75) - 
2019-09-28 13:49:59,597 +0530 [main] INFO  (BaseTestClass.java:75) - ***********************TC02_loginUser has PASSED. **************************
2019-09-28 13:53:14,410 +0530 [main] INFO  (BaseTestClass.java:75) - Launching Chrome
2019-09-28 13:53:18,182 +0530 [main] INFO  (BaseTestClass.java:75) - ***********************TC01_addANewMovie has started executing**************************
2019-09-28 13:53:18,632 +0530 [main] INFO  (BaseTestClass.java:75) - Navigate to Movie Rental Service Page
2019-09-28 13:53:20,462 +0530 [main] INFO  (BaseTestClass.java:75) - Click on Login Button
2019-09-28 13:53:21,400 +0530 [main] INFO  (BaseTestClass.java:75) - Fill Username
2019-09-28 13:53:21,496 +0530 [main] INFO  (BaseTestClass.java:75) - Fill Password
2019-09-28 13:53:21,664 +0530 [main] INFO  (BaseTestClass.java:75) - Verify Log In
2019-09-28 13:53:21,692 +0530 [main] INFO  (BaseTestClass.java:75) - 
2019-09-28 13:53:21,695 +0530 [main] INFO  (BaseTestClass.java:75) - ***********************TC01_addANewMovie has FAILED. **************************
2019-09-28 13:53:48,435 +0530 [main] INFO  (BaseTestClass.java:75) - Launching Chrome
2019-09-28 13:53:52,276 +0530 [main] INFO  (BaseTestClass.java:75) - ***********************TC01_addANewMovie has started executing**************************
2019-09-28 13:53:52,727 +0530 [main] INFO  (BaseTestClass.java:75) - Navigate to Movie Rental Service Page
2019-09-28 13:53:54,802 +0530 [main] INFO  (BaseTestClass.java:75) - Click on Login Button
2019-09-28 13:53:55,628 +0530 [main] INFO  (BaseTestClass.java:75) - Fill Username
2019-09-28 13:53:55,714 +0530 [main] INFO  (BaseTestClass.java:75) - Fill Password
2019-09-28 13:54:00,881 +0530 [main] INFO  (BaseTestClass.java:75) - Verify Log In
2019-09-28 13:54:00,914 +0530 [main] INFO  (BaseTestClass.java:75) - 
2019-09-28 13:54:00,916 +0530 [main] INFO  (BaseTestClass.java:75) - ***********************TC01_addANewMovie has FAILED. **************************
2019-09-28 13:55:02,834 +0530 [main] INFO  (BaseTestClass.java:75) - Launching Chrome
2019-09-28 13:55:06,586 +0530 [main] INFO  (BaseTestClass.java:75) - ***********************TC01_addANewMovie has started executing**************************
2019-09-28 13:55:07,070 +0530 [main] INFO  (BaseTestClass.java:75) - Navigate to Movie Rental Service Page
2019-09-28 13:55:08,971 +0530 [main] INFO  (BaseTestClass.java:75) - Click on Login Button
2019-09-28 13:55:09,808 +0530 [main] INFO  (BaseTestClass.java:75) - Fill Username
2019-09-28 13:55:09,906 +0530 [main] INFO  (BaseTestClass.java:75) - Fill Password
2019-09-28 13:55:15,068 +0530 [main] INFO  (BaseTestClass.java:75) - Verify Log In
2019-09-28 13:55:15,129 +0530 [main] INFO  (BaseTestClass.java:75) - Click on Add movie link
2019-09-28 13:55:15,196 +0530 [main] INFO  (BaseTestClass.java:75) - Fill Title Details
2019-09-28 13:55:15,241 +0530 [main] INFO  (BaseTestClass.java:75) - 
2019-09-28 13:55:15,244 +0530 [main] INFO  (BaseTestClass.java:75) - ***********************TC01_addANewMovie has FAILED. **************************
2019-09-28 14:00:10,731 +0530 [main] INFO  (BaseTestClass.java:75) - Launching Chrome
2019-09-28 14:00:14,422 +0530 [main] INFO  (BaseTestClass.java:75) - ***********************TC01_addANewMovie has started executing**************************
2019-09-28 14:00:14,885 +0530 [main] INFO  (BaseTestClass.java:75) - Navigate to Movie Rental Service Page
2019-09-28 14:00:16,834 +0530 [main] INFO  (BaseTestClass.java:75) - Click on Login Button
2019-09-28 14:00:17,671 +0530 [main] INFO  (BaseTestClass.java:75) - Fill Username
2019-09-28 14:00:17,787 +0530 [main] INFO  (BaseTestClass.java:75) - Fill Password
2019-09-28 14:00:22,941 +0530 [main] INFO  (BaseTestClass.java:75) - Verify Log In
2019-09-28 14:00:23,006 +0530 [main] INFO  (BaseTestClass.java:75) - Click on Add movie link
2019-09-28 14:00:23,067 +0530 [main] INFO  (BaseTestClass.java:75) - Fill Title Details
2019-09-28 14:00:23,112 +0530 [main] INFO  (BaseTestClass.java:75) - FAILED
2019-09-28 14:00:23,573 +0530 [main] INFO  (BaseTestClass.java:75) - Testcase============== TC01_addANewMovie ============== has failed
2019-09-28 14:00:23,780 +0530 [main] INFO  (BaseTestClass.java:75) - 
2019-09-28 14:00:23,782 +0530 [main] INFO  (BaseTestClass.java:75) - ***********************TC01_addANewMovie has FAILED. **************************
2019-09-28 14:00:23,793 +0530 [main] INFO  (BaseTestClass.java:75) - ***********************TC02_loginUser has started executing**************************
2019-09-28 14:00:23,816 +0530 [main] INFO  (BaseTestClass.java:75) - Navigate to Movie Rental Service Page
2019-09-28 14:00:24,413 +0530 [main] INFO  (BaseTestClass.java:75) - Click on Login Button
2019-09-28 14:00:25,258 +0530 [main] INFO  (BaseTestClass.java:75) - Fill Username
2019-09-28 14:00:25,332 +0530 [main] INFO  (BaseTestClass.java:75) - Fill Password
2019-09-28 14:00:25,468 +0530 [main] INFO  (BaseTestClass.java:75) - Verify Log In
2019-09-28 14:00:25,469 +0530 [main] INFO  (BaseTestClass.java:75) - PASSED
2019-09-28 14:00:25,521 +0530 [main] INFO  (BaseTestClass.java:75) - Testcase============== TC02_loginUser ============has Passed Successfully
2019-09-28 14:00:25,566 +0530 [main] INFO  (BaseTestClass.java:75) - 
2019-09-28 14:00:25,567 +0530 [main] INFO  (BaseTestClass.java:75) - ***********************TC02_loginUser has PASSED. **************************
